2024-02-24 17:10:14,131 - root - INFO - Application startup
2024-02-24 17:10:27,866 - root - INFO - Application shutdown
2024-02-24 17:12:32,694 - root - INFO - Application startup
2024-02-24 17:12:35,304 - root - INFO - Application shutdown
2024-02-24 17:12:56,176 - root - INFO - Application startup
2024-02-24 17:16:56,243 - root - INFO - Application shutdown
2024-02-24 17:18:16,514 - root - INFO - Application startup
2024-02-24 17:18:18,923 - root - INFO - Application shutdown
2024-02-24 17:19:31,273 - root - DEBUG - Signal handlers registered
2024-02-24 17:19:31,274 - root - INFO - Application startup
2024-02-24 17:19:36,088 - root - INFO - Application shutdown
2024-02-24 17:20:22,820 - root - DEBUG - Signal handlers registered
2024-02-24 17:20:22,821 - root - INFO - Application startup
2024-02-24 17:20:27,332 - root - INFO - Application shutdown
2024-02-24 17:30:03,409 - root - DEBUG - Signal handlers registered
2024-02-24 17:30:03,410 - root - INFO - Application startup
2024-02-24 17:30:04,544 - fastapi_request_logger - DEBUG - Request received: GET http://localhost:8000/
2024-02-24 17:30:04,545 - root - INFO - Test message from the get_app
2024-02-24 17:30:04,546 - fastapi_request_logger - DEBUG - Response sent: 200
2024-02-24 17:30:05,131 - fastapi_request_logger - DEBUG - Request received: GET http://localhost:8000/
2024-02-24 17:30:05,133 - root - INFO - Test message from the get_app
2024-02-24 17:30:05,133 - fastapi_request_logger - DEBUG - Response sent: 200
2024-02-24 17:30:05,309 - fastapi_request_logger - DEBUG - Request received: GET http://localhost:8000/
2024-02-24 17:30:05,310 - root - INFO - Test message from the get_app
2024-02-24 17:30:05,311 - fastapi_request_logger - DEBUG - Response sent: 200
2024-02-24 17:30:05,460 - fastapi_request_logger - DEBUG - Request received: GET http://localhost:8000/
2024-02-24 17:30:05,460 - root - INFO - Test message from the get_app
2024-02-24 17:30:05,461 - fastapi_request_logger - DEBUG - Response sent: 200
2024-02-24 17:30:08,005 - fastapi_request_logger - DEBUG - Request received: GET http://localhost:8000/docs
2024-02-24 17:30:08,006 - fastapi_request_logger - DEBUG - Response sent: 200
2024-02-24 17:30:13,713 - fastapi_request_logger - DEBUG - Request received: GET http://localhost:8000/openapi.json
2024-02-24 17:30:13,724 - fastapi_request_logger - DEBUG - Response sent: 200
2024-02-24 17:30:20,424 - fastapi_request_logger - DEBUG - Request received: GET http://localhost:8000/docs
2024-02-24 17:30:20,424 - fastapi_request_logger - DEBUG - Response sent: 200
2024-02-24 17:30:20,551 - fastapi_request_logger - DEBUG - Request received: GET http://localhost:8000/openapi.json
2024-02-24 17:30:20,552 - fastapi_request_logger - DEBUG - Response sent: 200
2024-02-24 17:30:44,666 - fastapi_request_logger - DEBUG - Request received: POST http://localhost:8000/login
2024-02-24 17:30:44,666 - multipart.multipart - DEBUG - Calling on_field_start with no data
2024-02-24 17:30:44,667 - multipart.multipart - DEBUG - Calling on_field_name with data[0:10]
2024-02-24 17:30:44,667 - multipart.multipart - DEBUG - Calling on_field_end with no data
2024-02-24 17:30:44,667 - multipart.multipart - DEBUG - Calling on_field_start with no data
2024-02-24 17:30:44,667 - multipart.multipart - DEBUG - Calling on_field_name with data[12:20]
2024-02-24 17:30:44,667 - multipart.multipart - DEBUG - Calling on_field_data with data[21:48]
2024-02-24 17:30:44,667 - multipart.multipart - DEBUG - Calling on_field_end with no data
2024-02-24 17:30:44,667 - multipart.multipart - DEBUG - Calling on_field_start with no data
2024-02-24 17:30:44,667 - multipart.multipart - DEBUG - Calling on_field_name with data[49:57]
2024-02-24 17:30:44,667 - multipart.multipart - DEBUG - Calling on_field_data with data[58:70]
2024-02-24 17:30:44,667 - multipart.multipart - DEBUG - Calling on_field_end with no data
2024-02-24 17:30:44,667 - multipart.multipart - DEBUG - Calling on_field_start with no data
2024-02-24 17:30:44,667 - multipart.multipart - DEBUG - Calling on_field_name with data[71:76]
2024-02-24 17:30:44,667 - multipart.multipart - DEBUG - Calling on_field_end with no data
2024-02-24 17:30:44,667 - multipart.multipart - DEBUG - Calling on_field_start with no data
2024-02-24 17:30:44,667 - multipart.multipart - DEBUG - Calling on_field_name with data[78:87]
2024-02-24 17:30:44,667 - multipart.multipart - DEBUG - Calling on_field_end with no data
2024-02-24 17:30:44,667 - multipart.multipart - DEBUG - Calling on_field_start with no data
2024-02-24 17:30:44,667 - multipart.multipart - DEBUG - Calling on_field_name with data[89:102]
2024-02-24 17:30:44,668 - multipart.multipart - DEBUG - Calling on_field_end with no data
2024-02-24 17:30:44,668 - multipart.multipart - DEBUG - Calling on_end with no data
2024-02-24 17:30:44,710 - passlib.handlers.bcrypt - DEBUG - trapped unexpected response from 'os_crypt' backend: verify('test', b'$2$04$5BJqKfqMQvV7nS.yUguNcuRfMMOXK0xPWavM7pOzjEi5ze5T1k8/S'):
Traceback (most recent call last):
  File "/home/luffy/fern/forge-code/backend/iam-service/venv/lib/python3.10/site-packages/passlib/handlers/bcrypt.py", line 303, in safe_verify
    return verify(secret, hash)
  File "/home/luffy/fern/forge-code/backend/iam-service/venv/lib/python3.10/site-packages/passlib/utils/handlers.py", line 792, in verify
    return consteq(self._calc_checksum(secret), chk)
  File "/home/luffy/fern/forge-code/backend/iam-service/venv/lib/python3.10/site-packages/passlib/handlers/bcrypt.py", line 837, in _calc_checksum
    raise uh.exc.InternalBackendError(
passlib.exc.InternalBackendError: crypt.crypt() failed for unknown reason; passlib recommends running `pip install bcrypt` for general bcrypt support.(config=<hash <class 'str'> value omitted>, secret=<hash <class 'bytes'> value omitted>)
2024-02-24 17:30:44,713 - passlib.handlers.bcrypt - DEBUG - 'os_crypt' backend lacks $2$ support, enabling workaround
2024-02-24 17:30:45,022 - fastapi_request_logger - DEBUG - Response sent: 200
2024-02-24 17:31:05,188 - fastapi_request_logger - DEBUG - Request received: GET http://localhost:8000/users/1
2024-02-24 17:31:05,189 - fastapi_request_logger - DEBUG - Response sent: 401
2024-02-24 17:31:19,219 - fastapi_request_logger - DEBUG - Request received: POST http://localhost:8000/login
2024-02-24 17:31:19,219 - multipart.multipart - DEBUG - Calling on_field_start with no data
2024-02-24 17:31:19,219 - multipart.multipart - DEBUG - Calling on_field_name with data[0:10]
2024-02-24 17:31:19,219 - multipart.multipart - DEBUG - Calling on_field_data with data[11:19]
2024-02-24 17:31:19,220 - multipart.multipart - DEBUG - Calling on_field_end with no data
2024-02-24 17:31:19,220 - multipart.multipart - DEBUG - Calling on_field_start with no data
2024-02-24 17:31:19,220 - multipart.multipart - DEBUG - Calling on_field_name with data[20:28]
2024-02-24 17:31:19,220 - multipart.multipart - DEBUG - Calling on_field_data with data[29:56]
2024-02-24 17:31:19,220 - multipart.multipart - DEBUG - Calling on_field_end with no data
2024-02-24 17:31:19,220 - multipart.multipart - DEBUG - Calling on_field_start with no data
2024-02-24 17:31:19,220 - multipart.multipart - DEBUG - Calling on_field_name with data[57:65]
2024-02-24 17:31:19,220 - multipart.multipart - DEBUG - Calling on_field_data with data[66:78]
2024-02-24 17:31:19,220 - multipart.multipart - DEBUG - Calling on_field_end with no data
2024-02-24 17:31:19,220 - multipart.multipart - DEBUG - Calling on_end with no data
2024-02-24 17:31:19,477 - fastapi_request_logger - DEBUG - Response sent: 200
2024-02-24 17:31:23,500 - fastapi_request_logger - DEBUG - Request received: GET http://localhost:8000/users/1
2024-02-24 17:31:23,502 - fastapi_request_logger - DEBUG - Response sent: 401
2024-02-24 17:31:25,007 - fastapi_request_logger - DEBUG - Request received: GET http://localhost:8000/users/1
2024-02-24 17:31:25,009 - fastapi_request_logger - DEBUG - Response sent: 401
2024-02-24 17:31:25,575 - fastapi_request_logger - DEBUG - Request received: GET http://localhost:8000/users/1
2024-02-24 17:31:25,577 - fastapi_request_logger - DEBUG - Response sent: 401
2024-02-24 17:31:26,005 - fastapi_request_logger - DEBUG - Request received: GET http://localhost:8000/users/1
2024-02-24 17:31:26,006 - fastapi_request_logger - DEBUG - Response sent: 401
2024-02-24 17:31:26,387 - fastapi_request_logger - DEBUG - Request received: GET http://localhost:8000/users/1
2024-02-24 17:31:26,389 - fastapi_request_logger - DEBUG - Response sent: 401
2024-02-24 17:31:26,710 - fastapi_request_logger - DEBUG - Request received: GET http://localhost:8000/users/1
2024-02-24 17:31:26,712 - fastapi_request_logger - DEBUG - Response sent: 401
2024-02-24 17:35:39,880 - fastapi_request_logger - DEBUG - Request received: GET http://localhost:8000/
2024-02-24 17:35:39,880 - root - INFO - Test message from the get_app
2024-02-24 17:35:39,881 - fastapi_request_logger - DEBUG - Response sent: 200
2024-02-24 18:17:17,178 - fastapi_request_logger - DEBUG - Request received: GET http://localhost:8000/docs
2024-02-24 18:17:17,178 - fastapi_request_logger - DEBUG - Response sent: 200
2024-02-24 18:17:17,313 - fastapi_request_logger - DEBUG - Request received: GET http://localhost:8000/openapi.json
2024-02-24 18:17:17,313 - fastapi_request_logger - DEBUG - Response sent: 200
2024-02-24 18:17:23,400 - fastapi_request_logger - DEBUG - Request received: GET http://localhost:8000/
2024-02-24 18:17:23,401 - root - INFO - Test message from the get_app
2024-02-24 18:17:23,401 - fastapi_request_logger - DEBUG - Response sent: 200
2024-02-24 18:17:40,015 - fastapi_request_logger - DEBUG - Request received: GET http://localhost:8000/redoc
2024-02-24 18:17:40,017 - fastapi_request_logger - DEBUG - Response sent: 200
2024-02-24 18:17:40,329 - fastapi_request_logger - DEBUG - Request received: GET http://localhost:8000/openapi.json
2024-02-24 18:17:40,330 - fastapi_request_logger - DEBUG - Response sent: 200
2024-02-24 18:18:12,274 - fastapi_request_logger - DEBUG - Request received: GET http://localhost:8000/openapi.json
2024-02-24 18:18:12,276 - fastapi_request_logger - DEBUG - Response sent: 200
2024-02-25 02:58:21,152 - root - INFO - Application shutdown
